<?xml version="1.0" encoding="UTF-8"?>
<testng-results skipped="0" failed="0" ignored="0" total="1" passed="1">
  <reporter-output>
  </reporter-output>
  <suite name="Default suite" duration-ms="214" started-at="2022-08-23T18:01:49 IST" finished-at="2022-08-23T18:01:49 IST">
    <groups>
    </groups>
    <test name="Default test" duration-ms="214" started-at="2022-08-23T18:01:49 IST" finished-at="2022-08-23T18:01:49 IST">
      <class name="AnnotationsJackson.JsonIncludeAnnotation">
        <test-method status="PASS" signature="avoidDeafultvalues()[pri:0, instance:AnnotationsJackson.JsonIncludeAnnotation@396f6598]" name="avoidDeafultvalues" duration-ms="186" started-at="2022-08-23T18:01:49 IST" finished-at="2022-08-23T18:01:49 IST">
          <reporter-output>
          </reporter-output>
        </test-method> <!-- avoidDeafultvalues -->
      </class> <!-- AnnotationsJackson.JsonIncludeAnnotation -->
    </test> <!-- Default test -->
  </suite> <!-- Default suite -->
</testng-results>
