<?xml version="1.0" encoding="UTF-8"?>
<testng-results skipped="0" failed="0" ignored="0" total="1" passed="1">
  <reporter-output>
  </reporter-output>
  <suite name="Default suite" duration-ms="4641" started-at="2022-09-10T16:03:26 IST" finished-at="2022-09-10T16:03:31 IST">
    <groups>
    </groups>
    <test name="Default test" duration-ms="4641" started-at="2022-09-10T16:03:26 IST" finished-at="2022-09-10T16:03:31 IST">
      <class name="RestAssuredClass.getResponseTime">
        <test-method status="PASS" signature="getTime()[pri:0, instance:RestAssuredClass.getResponseTime@10bbd20a]" name="getTime" duration-ms="4579" started-at="2022-09-10T16:03:26 IST" finished-at="2022-09-10T16:03:31 IST">
          <reporter-output>
          </reporter-output>
        </test-method> <!-- getTime -->
      </class> <!-- RestAssuredClass.getResponseTime -->
    </test> <!-- Default test -->
  </suite> <!-- Default suite -->
</testng-results>
